# JRE version: Java(TM) SE Runtime Environment (21.0.1+12) (build 21.0.1+12-LTS-29)
# Java VM: Java HotSpot(TM) 64-Bit Server VM (21.0.1+12-LTS-29, mixed mode, sharing, tiered, compressed oops, compressed class ptrs, g1 gc, windows-amd64)
GC Precious Log:
 CardTable entry size: 512
 Card Set container configuration: InlinePtr #cards 4 size 8 Array Of Cards #cards 16 size 48 Howl #buckets 8 coarsen threshold 3686 Howl Bitmap #cards 512 size 80 coarsen threshold 460 Card regions per heap region 1 cards per card region 4096
 CPUs: 8 total, 8 available
 Memory: 16179M
 Large Page Support: Disabled
 NUMA Support: Disabled
 Compressed Oops: Enabled (Zero based)
 Heap Region Size: 2M
 Heap Min Capacity: 8M
 Heap Initial Capacity: 254M
 Heap Max Capacity: 4046M
 Pre-touch: Disabled
 Parallel Workers: 8
 Concurrent Workers: 2
 Concurrent Refinement Workers: 8
 Periodic GC: Disabled
Heap:
 garbage-first heap   total 1044480K, used 671685K [0x0000000703200000, 0x0000000800000000)
  region size 2048K, 59 young (120832K), 11 survivors (22528K)
 Metaspace       used 12310K, committed 12544K, reserved 1114112K
  class space    used 967K, committed 1088K, reserved 1048576K
GC Heap History (20 events):
Event: 1.563 GC heap before
{Heap before GC invocations=2 (full 0):
 garbage-first heap   total 260096K, used 91837K [0x0000000703200000, 0x0000000800000000)
  region size 2048K, 37 young (75776K), 3 survivors (6144K)
 Metaspace       used 12187K, committed 12480K, reserved 1114112K
  class space    used 959K, committed 1088K, reserved 1048576K
}
Event: 1.578 GC heap after
{Heap after GC invocations=3 (full 0):
 garbage-first heap   total 260096K, used 94208K [0x0000000703200000, 0x0000000800000000)
  region size 2048K, 5 young (10240K), 5 survivors (10240K)
 Metaspace       used 12187K, committed 12480K, reserved 1114112K
  class space    used 959K, committed 1088K, reserved 1048576K
}
Event: 1.978 GC heap before
{Heap before GC invocations=3 (full 0):
 garbage-first heap   total 260096K, used 129024K [0x0000000703200000, 0x0000000800000000)
  region size 2048K, 22 young (45056K), 5 survivors (10240K)
 Metaspace       used 12220K, committed 12480K, reserved 1114112K
  class space    used 960K, committed 1088K, reserved 1048576K
}
Event: 1.986 GC heap after
{Heap after GC invocations=4 (full 0):
 garbage-first heap   total 260096K, used 131072K [0x0000000703200000, 0x0000000800000000)
  region size 2048K, 3 young (6144K), 3 survivors (6144K)
 Metaspace       used 12220K, committed 12480K, reserved 1114112K
  class space    used 960K, committed 1088K, reserved 1048576K
}
Event: 2.213 GC heap before
{Heap before GC invocations=4 (full 0):
 garbage-first heap   total 260096K, used 172032K [0x0000000703200000, 0x0000000800000000)
  region size 2048K, 23 young (47104K), 3 survivors (6144K)
 Metaspace       used 12262K, committed 12544K, reserved 1114112K
  class space    used 962K, committed 1088K, reserved 1048576K
}
Event: 2.219 GC heap after
{Heap after GC invocations=5 (full 0):
 garbage-first heap   total 260096K, used 158720K [0x0000000703200000, 0x0000000800000000)
  region size 2048K, 3 young (6144K), 3 survivors (6144K)
 Metaspace       used 12262K, committed 12544K, reserved 1114112K
  class space    used 962K, committed 1088K, reserved 1048576K
}
Event: 2.225 GC heap before
{Heap before GC invocations=5 (full 0):
 garbage-first heap   total 260096K, used 189440K [0x0000000703200000, 0x0000000800000000)
  region size 2048K, 18 young (36864K), 3 survivors (6144K)
 Metaspace       used 12262K, committed 12544K, reserved 1114112K
  class space    used 962K, committed 1088K, reserved 1048576K
}
Event: 2.232 GC heap after
{Heap after GC invocations=6 (full 0):
 garbage-first heap   total 534528K, used 191429K [0x0000000703200000, 0x0000000800000000)
  region size 2048K, 3 young (6144K), 3 survivors (6144K)
 Metaspace       used 12262K, committed 12544K, reserved 1114112K
  class space    used 962K, committed 1088K, reserved 1048576K
}
Event: 2.258 GC heap before
{Heap before GC invocations=7 (full 0):
 garbage-first heap   total 348160K, used 158661K [0x0000000703200000, 0x0000000800000000)
  region size 2048K, 35 young (71680K), 3 survivors (6144K)
 Metaspace       used 12262K, committed 12544K, reserved 1114112K
  class space    used 962K, committed 1088K, reserved 1048576K
}
Event: 2.269 GC heap after
{Heap after GC invocations=8 (full 0):
 garbage-first heap   total 348160K, used 162757K [0x0000000703200000, 0x0000000800000000)
  region size 2048K, 5 young (10240K), 5 survivors (10240K)
 Metaspace       used 12262K, committed 12544K, reserved 1114112K
  class space    used 962K, committed 1088K, reserved 1048576K
}
Event: 2.276 GC heap before
{Heap before GC invocations=8 (full 0):
 garbage-first heap   total 348160K, used 218053K [0x0000000703200000, 0x0000000800000000)
  region size 2048K, 32 young (65536K), 5 survivors (10240K)
 Metaspace       used 12262K, committed 12544K, reserved 1114112K
  class space    used 962K, committed 1088K, reserved 1048576K
}
Event: 2.286 GC heap after
{Heap after GC invocations=9 (full 0):
 garbage-first heap   total 348160K, used 217029K [0x0000000703200000, 0x0000000800000000)
  region size 2048K, 4 young (8192K), 4 survivors (8192K)
 Metaspace       used 12262K, committed 12544K, reserved 1114112K
  class space    used 962K, committed 1088K, reserved 1048576K
}
Event: 2.291 GC heap before
{Heap before GC invocations=9 (full 0):
 garbage-first heap   total 348160K, used 255941K [0x0000000703200000, 0x0000000800000000)
  region size 2048K, 23 young (47104K), 4 survivors (8192K)
 Metaspace       used 12262K, committed 12544K, reserved 1114112K
  class space    used 962K, committed 1088K, reserved 1048576K
}
Event: 2.298 GC heap after
{Heap after GC invocations=10 (full 0):
 garbage-first heap   total 348160K, used 259013K [0x0000000703200000, 0x0000000800000000)
  region size 2048K, 3 young (6144K), 3 survivors (6144K)
 Metaspace       used 12262K, committed 12544K, reserved 1114112K
  class space    used 962K, committed 1088K, reserved 1048576K
}
Event: 2.303 GC heap before
{Heap before GC invocations=10 (full 0):
 garbage-first heap   total 348160K, used 283589K [0x0000000703200000, 0x0000000800000000)
  region size 2048K, 15 young (30720K), 3 survivors (6144K)
 Metaspace       used 12262K, committed 12544K, reserved 1114112K
  class space    used 962K, committed 1088K, reserved 1048576K
}
Event: 2.312 GC heap after
{Heap after GC invocations=11 (full 0):
 garbage-first heap   total 1044480K, used 286661K [0x0000000703200000, 0x0000000800000000)
  region size 2048K, 2 young (4096K), 2 survivors (4096K)
 Metaspace       used 12262K, committed 12544K, reserved 1114112K
  class space    used 962K, committed 1088K, reserved 1048576K
}
Event: 2.369 GC heap before
{Heap before GC invocations=12 (full 0):
 garbage-first heap   total 1044480K, used 421829K [0x0000000703200000, 0x0000000800000000)
  region size 2048K, 70 young (143360K), 2 survivors (4096K)
 Metaspace       used 12262K, committed 12544K, reserved 1114112K
  class space    used 962K, committed 1088K, reserved 1048576K
}
Event: 2.409 GC heap after
{Heap after GC invocations=13 (full 0):
 garbage-first heap   total 1044480K, used 425925K [0x0000000703200000, 0x0000000800000000)
  region size 2048K, 9 young (18432K), 9 survivors (18432K)
 Metaspace       used 12262K, committed 12544K, reserved 1114112K
  class space    used 962K, committed 1088K, reserved 1048576K
}
Event: 2.442 GC heap before
{Heap before GC invocations=13 (full 0):
 garbage-first heap   total 1044480K, used 579525K [0x0000000703200000, 0x0000000800000000)
  region size 2048K, 84 young (172032K), 9 survivors (18432K)
 Metaspace       used 12295K, committed 12544K, reserved 1114112K
  class space    used 966K, committed 1088K, reserved 1048576K
}
Event: 2.500 GC heap after
{Heap after GC invocations=14 (full 0):
 garbage-first heap   total 1044480K, used 575429K [0x0000000703200000, 0x0000000800000000)
  region size 2048K, 11 young (22528K), 11 survivors (22528K)
 Metaspace       used 12295K, committed 12544K, reserved 1114112K
  class space    used 966K, committed 1088K, reserved 1048576K
}

